[2018-06-08T17:39:06+03:00] POST "/users/" 500 Internal Server Error - {
  "firstName": "Dante",
  "lastName": "Alighieri",
  "email": "inferno@gmail.com",
  "phone": "0734324343"
}
[2018-06-08T17:39:22+03:00] POST "/users/" 500 Internal Server Error - {
  "firstName": "Dante",
  "lastName": "Alighieri",
  "email": "inferno@gmail.com",
  "phone": "0734324343"
}
[2018-06-08T17:43:26+03:00] GET "/favicon.ico" 404 Not Found - {}
[2018-06-11T12:51:51+03:00] POST "/users/" 400 Bad Request - {
  "firstName": "Zeus",
  "lastName": "Olymp",
  "email": "infernos@gmail.com",
  "phone": "0734224223",
  "links": {
    "GET": "http://localhost:3000/users/NaN",
    "DELETE": "http://localhost:3000/users/NaN"
  }
}
[2018-06-11T12:51:59+03:00] POST "/users/" 400 Bad Request - {
  "firstName": "Zeus",
  "lastName": "Olymp",
  "email": "infernos@gmail.com",
  "phone": "0734224223",
  "links": {
    "GET": "http://localhost:3000/users/NaN",
    "DELETE": "http://localhost:3000/users/NaN"
  }
}
[2018-06-11T12:52:52+03:00] POST "/users/" 400 Bad Request - {
  "firstName": "Zeus",
  "lastName": "Olymp",
  "email": "infernos@gmail.com",
  "phone": "0734224223",
  "links": {
    "GET": "http://localhost:3000/users/NaN",
    "DELETE": "http://localhost:3000/users/NaN"
  }
}
[2018-06-11T12:53:50+03:00] POST "/users/" 400 Bad Request - {
  "firstName": "Zeus",
  "lastName": "Olymp",
  "email": "infernos@gmail.com",
  "phone": "0734224223",
  "links": {
    "GET": "http://localhost:3000/users/NaN",
    "DELETE": "http://localhost:3000/users/NaN"
  }
}
[2018-06-11T12:56:34+03:00] POST "/users/" 400 Bad Request - {
  "firstName": "Zeus",
  "lastName": "Olymp",
  "email": "infernos@gmail.com",
  "phone": "0734224223",
  "links": {
    "GET": "http://localhost:3000/users/NaN",
    "DELETE": "http://localhost:3000/users/NaN"
  }
}
[2018-06-11T13:58:46+03:00] POST "/users/" 400 Bad Request - {
  "firstName": "Zeus",
  "lastName": "Olymp",
  "email": "infernos@gmail.com",
  "phone": "0734224223",
  "links": {
    "GET": "http://localhost:3000/users/NaN",
    "DELETE": "http://localhost:3000/users/NaN"
  }
}
[2018-06-11T13:59:42+03:00] POST "/users/" 400 Bad Request - {
  "firstName": "Zeus",
  "lastName": "Olymp",
  "email": "infernol@gmail.com",
  "phone": "0734224223",
  "links": {
    "GET": "http://localhost:3000/users/NaN",
    "DELETE": "http://localhost:3000/users/NaN"
  }
}
[2018-06-11T14:02:34+03:00] POST "/users/" 400 Bad Request - {
  "firstName": "Zeus",
  "lastName": "Olymp",
  "email": "iel@gmail.com",
  "phone": "0734224223",
  "links": {
    "GET": "http://localhost:3000/users/NaN",
    "DELETE": "http://localhost:3000/users/NaN"
  }
}
